Unable to capture context for thread 15540 in process 30416, can not generate back trace
Exception at PC 0x00007FFEB6E8BB93
Printing stacktrace...

Exception at PC 0x00007FFF435C9E08
Exception at PC 0x00007FFF435C9E08
Exception at PC 0x00007FFF435C9E08
Exception at PC 0x00007FFF435C9E08
Exception at PC 0x00007FFF435C9E08
Exception at PC 0x00007FFF435C9E08
Exception at PC 0x00007FFF435C9E08
Exception at PC 0x00007FFF435C9E08
Exception at PC 0x00007FFF435C9E08
Exception at PC 0x00007FFF435C9E08
Exception at PC 0x00007FFF435C9E08
Exception at PC 0x00007FFF435C9E08
Exception at PC 0x00007FFF435C9E08
Exception at PC 0x00007FFF435C9E08
[0]  [0x00007FFEB6E8BB93]
[1]  [0x00007FFEB6E8BB93]
[2]  [0x00007FFEB6E8B4A1]
[3]  [0x00007FFEB6E8B3EF]
[4]  [0x00007FFEB6E719FE]
[5]  [0x00007FFEB6E70ED1]
[6]  [0x00007FFEB6E70D76]
[7]  [0x00007FFEB6E179F6]
[8]  [0x00007FFEB6E07AFB]
[9]  [0x00007FFEB6F2E90A]
[10]  [0x00007FFEB6F49F87]
[11]  [0x00007FFEB6F4A05F]
[12] (BaseThreadInitThunk+0x14) [0x00007FFF454B2774]
[13] (RtlUserThreadStart+0x21) [0x00007FFF46C00D51]
Done
Exception at PC 0x00007FFF435C9E08
Exception at PC 0x00007FFF435C9E08
Exception at PC 0x00007FFF435C9E08
Exception at PC 0x00007FFEB6B91A52
Attemped to write at address 0x00007FFEFC949BA4
Printing stacktrace...

[0]  [0x00007FFEB6B91A52]
[1]  [0x00007FFEB6B91A52]
[2]  [0x00007FFEB6B91AD4]
[3]  [0x00007FFEB6CD3FF7]
[4]  [0x00007FFEB6BB9128]
[5]  [0x00007FFEB6E6DFB9]
[6]  [0x00007FFEB703EF23]
[7]  [0x00007FFEB6F4B06B]
[8]  [0x00007FFEB6F408AF]
[9]  [0x00007FFEB6F40A32]
[10] (RtlDeactivateActivationContextUnsafeFast+0x1af) [0x00007FFF46BB485F]
[11] (LdrShutdownProcess+0x12c) [0x00007FFF46BDD43C]
[12] (RtlExitUserProcess+0xb4) [0x00007FFF46BDD2F4]
[13] (FatalExit+0xa) [0x00007FFF454BC0DA]
[14] (exit+0x75) [0x00007FFF4480A045]
[15] (initterm_e+0x21d) [0x00007FFF4480A68D]
[16]  [0x00000000004014CD]
[17]  [0x000000000040151B]
[18] (BaseThreadInitThunk+0x14) [0x00007FFF454B2774]
[19] (RtlUserThreadStart+0x21) [0x00007FFF46C00D51]
Done
