Unable to capture context for thread 14864 in process 18300, can not generate back trace
Unable to capture context for thread 23828 in process 18300, can not generate back trace
Unable to capture context for thread 10476 in process 18300, can not generate back trace
Exception at PC 0x00007FFACEA99E08
Unable to capture context for thread 10476 in process 18300, can not generate back trace
Exception at PC 0x00007FFA4284BB93
Printing stacktrace...

Exception at PC 0x00007FFACEA99E08
Exception at PC 0x00007FFACEA99E08
Exception at PC 0x00007FFACEA99E08
Exception at PC 0x00007FFACEA99E08
Exception at PC 0x00007FFACEA99E08
Exception at PC 0x00007FFACEA99E08
Exception at PC 0x00007FFACEA99E08
Exception at PC 0x00007FFACEA99E08
Exception at PC 0x00007FFACEA99E08
Exception at PC 0x00007FFACEA99E08
Exception at PC 0x00007FFACEA99E08
Exception at PC 0x00007FFACEA99E08
Exception at PC 0x00007FFACEA99E08
[0]  [0x00007FFA4284BB93]
[1]  [0x00007FFA4284BB93]
[2]  [0x00007FFA4284B4A1]
[3]  [0x00007FFA4284B3EF]
[4]  [0x00007FFA428319FE]
[5]  [0x00007FFA42830ED1]
[6]  [0x00007FFA42830D76]
[7]  [0x00007FFA427D79F6]
[8]  [0x00007FFA427C7AFB]
[9]  [0x00007FFA428EE90A]
[10]  [0x00007FFA42909F87]
[11]  [0x00007FFA4290A05F]
[12] (BaseThreadInitThunk+0x14) [0x00007FFACEF12774]
[13] (RtlUserThreadStart+0x21) [0x00007FFAD1990D51]
Done
Exception at PC 0x00007FFACEA99E08
Exception at PC 0x00007FFACEA99E08
Exception at PC 0x00007FFACEA99E08
Exception at PC 0x00007FFA42551A52
Attemped to write at address 0x00007FFA91CD9BA4
Printing stacktrace...

[0]  [0x00007FFA42551A52]
[1]  [0x00007FFA42551A52]
[2]  [0x00007FFA42551AD4]
[3]  [0x00007FFA42693FF7]
[4]  [0x00007FFA42579128]
[5]  [0x00007FFA4282DFB9]
[6]  [0x00007FFA429FEF23]
[7]  [0x00007FFA4290B06B]
[8]  [0x00007FFA429008AF]
[9]  [0x00007FFA42900A32]
[10] (RtlDeactivateActivationContextUnsafeFast+0x1af) [0x00007FFAD194485F]
[11] (LdrShutdownProcess+0x12c) [0x00007FFAD196D43C]
[12] (RtlExitUserProcess+0xb4) [0x00007FFAD196D2F4]
[13] (FatalExit+0xa) [0x00007FFACEF1C0DA]
[14] (exit+0x75) [0x00007FFAD18BA045]
[15] (initterm_e+0x21d) [0x00007FFAD18BA68D]
[16]  [0x00000000004014CD]
[17]  [0x000000000040151B]
[18] (BaseThreadInitThunk+0x14) [0x00007FFACEF12774]
[19] (RtlUserThreadStart+0x21) [0x00007FFAD1990D51]
Done
