#-----------------------------------------------------------
# Vivado v2017.1 (64-bit)
# SW Build 1846317 on Fri Apr 14 18:55:03 MDT 2017
# IP Build 1846188 on Fri Apr 14 20:52:08 MDT 2017
# Start of session at: Fri Sep 29 17:57:32 2017
# Process ID: 9252
# Current directory: H:/IITR Study/Sem 3/Computer Architecture and Microprocessors/Project/Finalized/Code/Program Counter
# Command line: vivado.exe -gui_launcher_event rodinguilauncherevent17500 H:\IITR Study\Sem 3\Computer Architecture and Microprocessors\Project\Finalized\Code\Program Counter\mips_001.xpr
# Log file: H:/IITR Study/Sem 3/Computer Architecture and Microprocessors/Project/Finalized/Code/Program Counter/vivado.log
# Journal file: H:/IITR Study/Sem 3/Computer Architecture and Microprocessors/Project/Finalized/Code/Program Counter\vivado.jou
#-----------------------------------------------------------
start_gui
open_project {H:/IITR Study/Sem 3/Computer Architecture and Microprocessors/Project/Finalized/Code/Program Counter/mips_001.xpr}
INFO: [ProjectBase 1-489] The host OS only allows 260 characters in a normal path. The project is stored in a path with more than 80 characters. If you experience issues with IP, Block Designs, or files not being found, please consider moving the project to a location with a shorter path. Alternately consider using the OS subst command to map part of the path to a drive letter.
Current project path is 'H:/IITR Study/Sem 3/Computer Architecture and Microprocessors/Project/Finalized/Code/Program Counter'
INFO: [Project 1-313] Project file moved from 'H:/IITR Study/Sem 3/Computer Architecture and Microprocessors/Project/Code/mips_001' since last save.
Scanning sources...
Finished scanning sources
INFO: [IP_Flow 19-234] Refreshing IP repositories
INFO: [IP_Flow 19-1704] No user IP repositories specified
INFO: [IP_Flow 19-2313] Loaded Vivado IP repository 'H:/Vivado_17.1/Vivado/2017.1/data/ip'.
open_project: Time (s): cpu = 00:00:17 ; elapsed = 00:00:21 . Memory (MB): peak = 771.973 ; gain = 35.844
update_compile_order -fileset sources_1
exit
INFO: [Common 17-206] Exiting Vivado at Fri Sep 29 18:00:18 2017...
