Unable to capture context for thread 9396 in process 23572, can not generate back trace
Unable to capture context for thread 15228 in process 23572, can not generate back trace
Unable to capture context for thread 25884 in process 23572, can not generate back trace
Exception at PC 0x00007FFF435C9E08
Unable to capture context for thread 25884 in process 23572, can not generate back trace
Exception at PC 0x00007FFEB4F3BB93
Printing stacktrace...

Exception at PC 0x00007FFF435C9E08
Exception at PC 0x00007FFF435C9E08
Exception at PC 0x00007FFF435C9E08
Exception at PC 0x00007FFF435C9E08
Exception at PC 0x00007FFF435C9E08
Exception at PC 0x00007FFF435C9E08
Exception at PC 0x00007FFF435C9E08
Exception at PC 0x00007FFF435C9E08
Exception at PC 0x00007FFF435C9E08
Exception at PC 0x00007FFF435C9E08
[0]  [0x00007FFEB4F3BB93]
[1]  [0x00007FFEB4F3BB93]
[2]  [0x00007FFEB4F3B4A1]
[3]  [0x00007FFEB4F3B3EF]
[4]  [0x00007FFEB4F219FE]
[5]  [0x00007FFEB4F20ED1]
[6]  [0x00007FFEB4F20D76]
[7]  [0x00007FFEB4EC79F6]
[8]  [0x00007FFEB4EB7AFB]
[9]  [0x00007FFEB4FDE90A]
[10]  [0x00007FFEB4FF9F87]
[11]  [0x00007FFEB4FFA05F]
[12] (BaseThreadInitThunk+0x14) [0x00007FFF454B2774]
[13] (RtlUserThreadStart+0x21) [0x00007FFF46C00D51]
Done
Exception at PC 0x00007FFF435C9E08
Exception at PC 0x00007FFF435C9E08
Exception at PC 0x00007FFF435C9E08
Exception at PC 0x00007FFF435C9E08
Exception at PC 0x00007FFF435C9E08
Exception at PC 0x00007FFF435C9E08
Exception at PC 0x00007FFEB4C41A52
Attemped to write at address 0x00007FFF09B99BA4
Printing stacktrace...

[0]  [0x00007FFEB4C41A52]
[1]  [0x00007FFEB4C41A52]
[2]  [0x00007FFEB4C41AD4]
[3]  [0x00007FFEB4D83FF7]
[4]  [0x00007FFEB4C69128]
[5]  [0x00007FFEB4F1DFB9]
[6]  [0x00007FFEB50EEF23]
[7]  [0x00007FFEB4FFB06B]
[8]  [0x00007FFEB4FF08AF]
[9]  [0x00007FFEB4FF0A32]
[10] (RtlDeactivateActivationContextUnsafeFast+0x1af) [0x00007FFF46BB485F]
[11] (LdrShutdownProcess+0x12c) [0x00007FFF46BDD43C]
[12] (RtlExitUserProcess+0xb4) [0x00007FFF46BDD2F4]
[13] (FatalExit+0xa) [0x00007FFF454BC0DA]
[14] (exit+0x75) [0x00007FFF4480A045]
[15] (initterm_e+0x21d) [0x00007FFF4480A68D]
[16]  [0x00000000004014CD]
[17]  [0x000000000040151B]
[18] (BaseThreadInitThunk+0x14) [0x00007FFF454B2774]
[19] (RtlUserThreadStart+0x21) [0x00007FFF46C00D51]
Done
