Unable to capture context for thread 13860 in process 14904, can not generate back trace
Unable to capture context for thread 15520 in process 14904, can not generate back trace
Unable to capture context for thread 31476 in process 14904, can not generate back trace
Unable to capture context for thread 17276 in process 14904, can not generate back trace
Unable to capture context for thread 15084 in process 14904, can not generate back trace
Unable to capture context for thread 1780 in process 14904, can not generate back trace
Unable to capture context for thread 4416 in process 14904, can not generate back trace
Unable to capture context for thread 2280 in process 14904, can not generate back trace
Unable to capture context for thread 8856 in process 14904, can not generate back trace
Exception at PC 0x00007FFF435C9E08
Unable to capture context for thread 18796 in process 14904, can not generate back trace
Unable to capture context for thread 15952 in process 14904, can not generate back trace
Unable to capture context for thread 29448 in process 14904, can not generate back trace
Exception at PC 0x00007FFF435C9E08
Unable to capture context for thread 29448 in process 14904, can not generate back trace
Exception at PC 0x00007FFEB706BB93
Printing stacktrace...

Exception at PC 0x00007FFF435C9E08
Exception at PC 0x00007FFF435C9E08
Exception at PC 0x00007FFF435C9E08
Exception at PC 0x00007FFF435C9E08
Exception at PC 0x00007FFF435C9E08
Exception at PC 0x00007FFF435C9E08
Exception at PC 0x00007FFF435C9E08
Exception at PC 0x00007FFF435C9E08
Exception at PC 0x00007FFF435C9E08
Exception at PC 0x00007FFF435C9E08
Exception at PC 0x00007FFF435C9E08
Exception at PC 0x00007FFF435C9E08
[0]  [0x00007FFEB706BB93]
[1]  [0x00007FFEB706BB93]
[2]  [0x00007FFEB706B4A1]
[3]  [0x00007FFEB706B3EF]
[4]  [0x00007FFEB70519FE]
[5]  [0x00007FFEB7050ED1]
[6]  [0x00007FFEB7050D76]
[7]  [0x00007FFEB6FF79F6]
[8]  [0x00007FFEB6FE7AFB]
[9]  [0x00007FFEB710E90A]
[10]  [0x00007FFEB7129F87]
[11]  [0x00007FFEB712A05F]
[12] (BaseThreadInitThunk+0x14) [0x00007FFF454B2774]
[13] (RtlUserThreadStart+0x21) [0x00007FFF46C00D51]
Done
Exception at PC 0x00007FFF435C9E08
Exception at PC 0x00007FFF435C9E08
Exception at PC 0x00007FFF435C9E08
Exception at PC 0x00007FFEB6D71A52
Attemped to write at address 0x00007FFEFC949BA4
Printing stacktrace...

[0]  [0x00007FFEB6D71A52]
[1]  [0x00007FFEB6D71A52]
[2]  [0x00007FFEB6D71AD4]
[3]  [0x00007FFEB6EB3FF7]
[4]  [0x00007FFEB6D99128]
[5]  [0x00007FFEB704DFB9]
[6]  [0x00007FFEB721EF23]
[7]  [0x00007FFEB712B06B]
[8]  [0x00007FFEB71208AF]
[9]  [0x00007FFEB7120A32]
[10] (RtlDeactivateActivationContextUnsafeFast+0x1af) [0x00007FFF46BB485F]
[11] (LdrShutdownProcess+0x12c) [0x00007FFF46BDD43C]
[12] (RtlExitUserProcess+0xb4) [0x00007FFF46BDD2F4]
[13] (FatalExit+0xa) [0x00007FFF454BC0DA]
[14] (exit+0x75) [0x00007FFF4480A045]
[15] (initterm_e+0x21d) [0x00007FFF4480A68D]
[16]  [0x00000000004014CD]
[17]  [0x000000000040151B]
[18] (BaseThreadInitThunk+0x14) [0x00007FFF454B2774]
[19] (RtlUserThreadStart+0x21) [0x00007FFF46C00D51]
Done
