Unable to capture context for thread 21192 in process 4988, can not generate back trace
Exception at PC 0x00007FF908379E08
Unable to capture context for thread 9800 in process 4988, can not generate back trace
Unable to capture context for thread 21192 in process 4988, can not generate back trace
Exception at PC 0x00007FF87F71BB93
Printing stacktrace...

Exception at PC 0x00007FF908379E08
Exception at PC 0x00007FF908379E08
Exception at PC 0x00007FF908379E08
Exception at PC 0x00007FF908379E08
Exception at PC 0x00007FF908379E08
Exception at PC 0x00007FF908379E08
Exception at PC 0x00007FF908379E08
Exception at PC 0x00007FF908379E08
[0]  [0x00007FF87F71BB93]
[1]  [0x00007FF87F71BB93]
[2]  [0x00007FF87F71B4A1]
[3]  [0x00007FF87F71B3EF]
[4]  [0x00007FF87F7019FE]
[5]  [0x00007FF87F700ED1]
[6]  [0x00007FF87F700D76]
[7]  [0x00007FF87F6A79F6]
[8]  [0x00007FF87F697AFB]
[9]  [0x00007FF87F7BE90A]
[10]  [0x00007FF87F7D9F87]
[11]  [0x00007FF87F7DA05F]
[12] (BaseThreadInitThunk+0x14) [0x00007FF90A012774]
[13] (RtlUserThreadStart+0x21) [0x00007FF90B0D0D51]
Done
Exception at PC 0x00007FF908379E08
Exception at PC 0x00007FF908379E08
Exception at PC 0x00007FF908379E08
Exception at PC 0x00007FF908379E08
Exception at PC 0x00007FF908379E08
Exception at PC 0x00007FF908379E08
Exception at PC 0x00007FF908379E08
Exception at PC 0x00007FF908379E08
Exception at PC 0x00007FF87F421A52
Attemped to write at address 0x00007FF8C8C19BA4
Printing stacktrace...

[0]  [0x00007FF87F421A52]
[1]  [0x00007FF87F421A52]
[2]  [0x00007FF87F421AD4]
[3]  [0x00007FF87F563FF7]
[4]  [0x00007FF87F449128]
[5]  [0x00007FF87F6FDFB9]
[6]  [0x00007FF87F8CEF23]
[7]  [0x00007FF87F7DB06B]
[8]  [0x00007FF87F7D08AF]
[9]  [0x00007FF87F7D0A32]
[10] (RtlDeactivateActivationContextUnsafeFast+0x1af) [0x00007FF90B08485F]
[11] (LdrShutdownProcess+0x12c) [0x00007FF90B0AD43C]
[12] (RtlExitUserProcess+0xb4) [0x00007FF90B0AD2F4]
[13] (FatalExit+0xa) [0x00007FF90A01C0DA]
[14] (exit+0x75) [0x00007FF90869A045]
[15] (initterm_e+0x21d) [0x00007FF90869A68D]
[16]  [0x00000000004014CD]
[17]  [0x000000000040151B]
[18] (BaseThreadInitThunk+0x14) [0x00007FF90A012774]
[19] (RtlUserThreadStart+0x21) [0x00007FF90B0D0D51]
Done
