Unable to capture context for thread 28844 in process 29436, can not generate back trace
Unable to capture context for thread 13488 in process 29436, can not generate back trace
Unable to capture context for thread 12820 in process 29436, can not generate back trace
Exception at PC 0x00007FFF435C9E08
Unable to capture context for thread 12820 in process 29436, can not generate back trace
Exception at PC 0x00007FFEBD2DBB93
Printing stacktrace...

Exception at PC 0x00007FFF435C9E08
Exception at PC 0x00007FFF435C9E08
Exception at PC 0x00007FFF435C9E08
Exception at PC 0x00007FFF435C9E08
Exception at PC 0x00007FFF435C9E08
Exception at PC 0x00007FFF435C9E08
Exception at PC 0x00007FFF435C9E08
Exception at PC 0x00007FFF435C9E08
Exception at PC 0x00007FFF435C9E08
Exception at PC 0x00007FFF435C9E08
Exception at PC 0x00007FFF435C9E08
[0]  [0x00007FFEBD2DBB93]
[1]  [0x00007FFEBD2DBB93]
[2]  [0x00007FFEBD2DB4A1]
[3]  [0x00007FFEBD2DB3EF]
[4]  [0x00007FFEBD2C19FE]
[5]  [0x00007FFEBD2C0ED1]
[6]  [0x00007FFEBD2C0D76]
[7]  [0x00007FFEBD2679F6]
[8]  [0x00007FFEBD257AFB]
[9]  [0x00007FFEBD37E90A]
[10]  [0x00007FFEBD399F87]
[11]  [0x00007FFEBD39A05F]
[12] (BaseThreadInitThunk+0x14) [0x00007FFF454B2774]
[13] (RtlUserThreadStart+0x21) [0x00007FFF46C00D51]
Done
Exception at PC 0x00007FFF435C9E08
Exception at PC 0x00007FFF435C9E08
Exception at PC 0x00007FFF435C9E08
Exception at PC 0x00007FFF435C9E08
Exception at PC 0x00007FFF435C9E08
Exception at PC 0x00007FFEBCFE1A52
Attemped to write at address 0x00007FFF0A899BA4
Printing stacktrace...

[0]  [0x00007FFEBCFE1A52]
[1]  [0x00007FFEBCFE1A52]
[2]  [0x00007FFEBCFE1AD4]
[3]  [0x00007FFEBD123FF7]
[4]  [0x00007FFEBD009128]
[5]  [0x00007FFEBD2BDFB9]
[6]  [0x00007FFEBD48EF23]
[7]  [0x00007FFEBD39B06B]
[8]  [0x00007FFEBD3908AF]
[9]  [0x00007FFEBD390A32]
[10] (RtlDeactivateActivationContextUnsafeFast+0x1af) [0x00007FFF46BB485F]
[11] (LdrShutdownProcess+0x12c) [0x00007FFF46BDD43C]
[12] (RtlExitUserProcess+0xb4) [0x00007FFF46BDD2F4]
[13] (FatalExit+0xa) [0x00007FFF454BC0DA]
[14] (exit+0x75) [0x00007FFF4480A045]
[15] (initterm_e+0x21d) [0x00007FFF4480A68D]
[16]  [0x00000000004014CD]
[17]  [0x000000000040151B]
[18] (BaseThreadInitThunk+0x14) [0x00007FFF454B2774]
[19] (RtlUserThreadStart+0x21) [0x00007FFF46C00D51]
Done
